fact(): pre-k-loop: 0.0959899425507
Loop 1
Loop 1 __set_curr_gen: 0.0280027389526
Loop 1 sb1 0 prejloop1: 0.0220704078674
Loop 1 sb1 0 jloop1: 0.0240004062653
Loop 1 __block_reduc: 0.214196681976
Loop 1 save end: 0.0239989757538
Loop 1 save checkpoint: 0.0720002651215
Loop 1 time = 0.471998929977
Loop 2
Loop 2 __set_curr_gen: 0.0199997425079
Loop 2 sb1 0 prejloop1: 0.0240001678467
Loop 2 sb1 0 jloop1: 0.024001121521
Loop 2 __block_reduc: 0.176000595093
Loop 2 save end: 0.0239994525909
Loop 2 save checkpoint: 0.0719990730286
Loop 2 time = 0.41999912262
Loop 3
Loop 3 __set_curr_gen: 0.0239994525909
Loop 3 sb1 0 prejloop1: 0.024001121521
Loop 3 sb1 0 jloop1: 0.315999984741
Loop 3 __block_reduc: 0.49706864357
Loop 3 save end: 0.0239989757538
Loop 3 save checkpoint: 0.0680003166199
Loop 3 time = 0.740000724792
Loop 4
Loop 4 __set_curr_gen: 0.0240004062653
Loop 4 sb1 0 prejloop1: 0.0240006446838
Loop 4 sb1 0 jloop1: 0.0239827632904
Loop 4 __block_reduc: 0.164002895355
Loop 4 save end: 0.0239968299866
Loop 4 save checkpoint: 0.0800001621246
Loop 4 time = 0.419999599457
Loop 5
Loop 5 __set_curr_gen: 0.0239994525909
Loop 5 sb1 0 prejloop1: 0.0240004062653
Loop 5 sb1 0 jloop1: 0.0240006446838
Loop 5 __block_reduc: 0.164000034332
Loop 5 save end: 0.0240006446838
Loop 5 save checkpoint: 0.0719995498657
Loop 5 time = 0.406397819519
Loop 6
Loop 6 __set_curr_gen: 0.0239994525909
Loop 6 sb1 0 prejloop1: 0.0240001678467
Loop 6 sb1 0 jloop1: 0.0427968502045
Loop 6 __block_reduc: 0.18400144577
Loop 6 save end: 0.0239999294281
Loop 6 save checkpoint: 0.0719993114471
Loop 6 time = 0.439999103546
Loop 7
Loop 7 __set_curr_gen: 0.0291488170624
Loop 7 sb1 0 prejloop1: 0.0200023651123
Loop 7 sb1 0 jloop1: 0.400001049042
Loop 7 __block_reduc: 0.610748529434
Loop 7 save end: 0.0279996395111
Loop 7 save checkpoint: 0.0799992084503
Loop 7 time = 0.851999998093
