fact(): pre-kloop: 0.119988679886
Loop 1
Loop 1 __set_curr_gen (1): 0.039999961853
Loop 1 sb1 0 pre-jloop1: 0.0279994010925
Loop 1 sb1 0 j 0 __house_vec: 0.0520045757294
Loop 1 sb1 0 j 0 hv-to-su: 0.0280010700226
Loop 1 sb1 0 j 0 __seq_update: 0.060001373291
Loop 1 sb1 0 j 1 __house_vec: 0.0520024299622
Loop 1 sb1 0 j 1 hv-to-su: 0.0280034542084
Loop 1 sb1 0 j 1 __seq_update: 0.027991771698
Loop 1 sb1 0 j 2 __house_vec: 0.0160009860992
Loop 1 sb1 0 j 2 hv-to-su: 0.019998550415
Loop 1 sb1 0 j 2 __seq_update: 0.0271196365356
Loop 1 sb1 0 j 3 __house_vec: 0.027999162674
Loop 1 sb1 0 j 3 hv-to-su: 0.0200026035309
Loop 1 sb1 0 j 3 __seq_update: 0.0400013923645
Loop 1 sb1 0 j 4 __house_vec: 0.0480020046234
Loop 1 sb1 0 j 4 hv-to-su: 0.0239994525909
Loop 1 sb1 0 j 4 __seq_update: 0.0320003032684
Loop 1 sb1 0 j 5 __house_vec: 0.0239999294281
Loop 1 sb1 0 j 5 hv-to-su: 0.023998260498
Loop 1 sb1 0 j 5 __seq_update: 0.055999994278
Loop 1 sb1 0 j 6 __house_vec: 0.0240166187286
Loop 1 sb1 0 j 6 hv-to-su: 0.0399987697601
Loop 1 sb1 0 j 6 __seq_update: 0.0300691127777
Loop 1 sb1 0 j 7 __house_vec: 0.0400009155273
Loop 1 sb1 0 j 7 hv-to-su: 0.0239999294281
Loop 1 sb1 0 j 7 __seq_update: 0.0299782752991
Loop 1 sb1 0 jloop1: 1.56812977791
Loop 1 sb1 0 jloop1-to-agg1: 0.0280044078827
Loop 1 sb1 0 __aggregate (1): 0.021342754364
Loop 1 sb1 0 __set_curr_gen (2): 0.0519995689392
Loop 1 sb1 0 __new_block_update: 0.0440275669098
Loop 1 sb1 0 post-nbu: 0.0240073204041
Loop 1 pre-Bcast (1): 0.0279986858368
Loop 1 Bcast (1): 0.0519986152649
Loop 1 post-Bcast (1): 0.0291633605957
Loop 1 sb1 0 pre-agg (2): 0.0295128822327
Loop 1 sb1 0 __aggregate (2): 0.0400037765503
Loop 1 sb1 0 __set_curr_gen (3): 0.0359988212585
Loop 1 sb1 0 __block_update: 0.028639793396
Loop 1 __block_reduc: 2.47599816322
Loop 1 save end: 0.0319986343384
Loop 1 save checkpoint: 0.0958280563354
Loop 1 time = 2.80969357491
Loop 2
Loop 2 __set_curr_gen (1): 0.0519983768463
Loop 2 sb1 0 pre-jloop1: 0.0201187133789
Loop 2 sb1 0 j 0 __house_vec: 0.0239999294281
Loop 2 sb1 0 j 0 hv-to-su: 0.024001121521
Loop 2 sb1 0 j 0 __seq_update: 0.0228142738342
Loop 2 sb1 0 j 1 __house_vec: 0.0240511894226
Loop 2 sb1 0 j 1 hv-to-su: 0.0340094566345
Loop 2 sb1 0 j 1 __seq_update: 0.0239956378937
Loop 2 sb1 0 j 2 __house_vec: 0.0240001678467
Loop 2 sb1 0 j 2 hv-to-su: 0.0319955348969
Loop 2 sb1 0 j 2 __seq_update: 0.0399997234344
Loop 2 sb1 0 j 3 __house_vec: 0.0232710838318
Loop 2 sb1 0 j 3 hv-to-su: 0.0301489830017
Loop 2 sb1 0 j 3 __seq_update: 0.0447814464569
Loop 2 sb1 0 j 4 __house_vec: 0.0263917446136
Loop 2 sb1 0 j 4 hv-to-su: 0.0209054946899
Loop 2 sb1 0 j 4 __seq_update: 0.0160093307495
Loop 2 sb1 0 j 5 __house_vec: 0.0520029067993
Loop 2 sb1 0 j 5 hv-to-su: 0.0360012054443
Loop 2 sb1 0 j 5 __seq_update: 0.0240004062653
Loop 2 sb1 0 j 6 __house_vec: 0.0240008831024
Loop 2 sb1 0 j 6 hv-to-su: 0.0240001678467
Loop 2 sb1 0 j 6 __seq_update: 0.0284640789032
Loop 2 sb1 0 j 7 __house_vec: 0.0240271091461
Loop 2 sb1 0 j 7 hv-to-su: 0.0239994525909
Loop 2 sb1 0 j 7 __seq_update: 0.0240001678467
Loop 2 sb1 0 jloop1: 1.40399813652
Loop 2 sb1 0 jloop1-to-agg1: 0.0240039825439
Loop 2 sb1 0 __aggregate (1): 0.0240004062653
Loop 2 sb1 0 __set_curr_gen (2): 0.0400006771088
Loop 2 sb1 0 __new_block_update: 0.0239994525909
Loop 2 sb1 0 post-nbu: 0.0320074558258
Loop 2 pre-Bcast (1): 0.0239996910095
Loop 2 Bcast (1): 0.0239996910095
Loop 2 post-Bcast (1): 0.0239987373352
Loop 2 sb1 0 pre-agg (2): 0.0279984474182
Loop 2 sb1 0 __aggregate (2): 0.0320010185242
Loop 2 sb1 0 __set_curr_gen (3): 0.0239996910095
Loop 2 sb1 0 __block_update: 0.0280005931854
Loop 2 __block_reduc: 2.15999889374
Loop 2 save end: 0.0239994525909
Loop 2 save checkpoint: 0.075998544693
Loop 2 time = 2.43200087547
Loop 3
Loop 3 __set_curr_gen (1): 0.0239999294281
Loop 3 sb1 0 pre-jloop1: 0.0279788970947
Loop 3 sb1 0 j 0 __house_vec: 0.0239980220795
Loop 3 sb1 0 j 0 hv-to-su: 0.0239987373352
Loop 3 sb1 0 j 0 __seq_update: 0.0520002841949
Loop 3 sb1 0 j 1 __house_vec: 0.0239224433899
Loop 3 sb1 0 j 1 hv-to-su: 0.0240018367767
Loop 3 sb1 0 j 1 __seq_update: 0.0240325927734
Loop 3 sb1 0 j 2 __house_vec: 0.0319979190826
Loop 3 sb1 0 j 2 hv-to-su: 0.0319998264313
Loop 3 sb1 0 j 2 __seq_update: 0.0240004062653
Loop 3 sb1 0 j 3 __house_vec: 0.0319998264313
Loop 3 sb1 0 j 3 hv-to-su: 0.0233159065247
Loop 3 sb1 0 j 3 __seq_update: 0.0240001678467
Loop 3 sb1 0 j 4 __house_vec: 0.0215795040131
Loop 3 sb1 0 j 4 hv-to-su: 0.0216193199158
Loop 3 sb1 0 j 4 __seq_update: 0.0200428962708
Loop 3 sb1 0 j 5 __house_vec: 0.0200810432434
Loop 3 sb1 0 j 5 hv-to-su: 0.0239989757538
Loop 3 sb1 0 j 5 __seq_update: 0.0240001678467
Loop 3 sb1 0 j 6 __house_vec: 0.0480082035065
Loop 3 sb1 0 j 6 hv-to-su: 0.0239987373352
Loop 3 sb1 0 j 6 __seq_update: 0.0200419425964
Loop 3 sb1 0 j 7 __house_vec: 0.0233080387115
Loop 3 sb1 0 j 7 hv-to-su: 0.0279974937439
Loop 3 sb1 0 j 7 __seq_update: 0.0200045108795
Loop 3 sb1 0 jloop1: 1.32799911499
Loop 3 sb1 0 jloop1-to-agg1: 0.0239999294281
Loop 3 sb1 0 __aggregate (1): 0.0437428951263
Loop 3 sb1 0 __set_curr_gen (2): 0.0320000648499
Loop 3 sb1 0 __new_block_update: 0.0360143184662
Loop 3 sb1 0 post-nbu: 0.0239996910095
Loop 3 pre-Bcast (1): 0.0239989757538
Loop 3 Bcast (1): 0.0479996204376
Loop 3 post-Bcast (1): 0.0200002193451
Loop 3 sb1 0 pre-agg (2): 0.0400066375732
Loop 3 sb1 0 __aggregate (2): 0.0240013599396
Loop 3 sb1 0 __set_curr_gen (3): 0.0160000324249
Loop 3 sb1 0 __block_update: 0.0200271606445
Loop 3 __block_reduc: 2.09600019455
Loop 3 save end: 0.0239984989166
Loop 3 save checkpoint: 0.063999414444
Loop 3 time = 2.33599877357
Loop 4
Loop 4 __set_curr_gen (1): 0.0319955348969
Loop 4 sb1 0 pre-jloop1: 0.0240008831024
Loop 4 sb1 0 j 0 __house_vec: 0.0240151882172
Loop 4 sb1 0 j 0 hv-to-su: 0.0279996395111
Loop 4 sb1 0 j 0 __seq_update: 0.0320000648499
Loop 4 sb1 0 j 1 __house_vec: 0.0240006446838
Loop 4 sb1 0 j 1 hv-to-su: 0.0239994525909
Loop 4 sb1 0 j 1 __seq_update: 0.0320219993591
Loop 4 sb1 0 j 2 __house_vec: 0.0277643203735
Loop 4 sb1 0 j 2 hv-to-su: 0.0279998779297
Loop 4 sb1 0 j 2 __seq_update: 0.0240008831024
Loop 4 sb1 0 j 3 __house_vec: 0.0239999294281
Loop 4 sb1 0 j 3 hv-to-su: 0.0239989757538
Loop 4 sb1 0 j 3 __seq_update: 0.0239994525909
Loop 4 sb1 0 j 4 __house_vec: 0.0320019721985
Loop 4 sb1 0 j 4 hv-to-su: 0.0239992141724
Loop 4 sb1 0 j 4 __seq_update: 0.0237839221954
Loop 4 sb1 0 j 5 __house_vec: 0.0240116119385
Loop 4 sb1 0 j 5 hv-to-su: 0.0240106582642
Loop 4 sb1 0 j 5 __seq_update: 0.0240054130554
Loop 4 sb1 0 j 6 __house_vec: 0.0280003547668
Loop 4 sb1 0 j 6 hv-to-su: 0.0240035057068
Loop 4 sb1 0 j 6 __seq_update: 0.0240004062653
Loop 4 sb1 0 j 7 __house_vec: 0.0280010700226
Loop 4 sb1 0 j 7 hv-to-su: 0.0240023136139
Loop 4 sb1 0 j 7 __seq_update: 0.0239989757538
Loop 4 sb1 0 jloop1: 1.28000068665
Loop 4 sb1 0 jloop1-to-agg1: 0.0239992141724
Loop 4 sb1 0 __aggregate (1): 0.0559995174408
Loop 4 sb1 0 __set_curr_gen (2): 0.0239987373352
Loop 4 sb1 0 __new_block_update: 0.0239999294281
Loop 4 sb1 0 post-nbu: 0.0239996910095
Loop 4 pre-Bcast (1): 0.0240004062653
Loop 4 Bcast (1): 0.0279994010925
Loop 4 post-Bcast (1): 0.0199997425079
Loop 4 sb1 0 pre-agg (2): 0.0439987182617
Loop 4 sb1 0 __aggregate (2): 0.0280010700226
Loop 4 sb1 0 __set_curr_gen (3): 0.0239987373352
Loop 4 sb1 0 __block_update: 0.0249309539795
Loop 4 __block_reduc: 1.99200344086
Loop 4 save end: 0.0239999294281
Loop 4 save checkpoint: 0.067999124527
Loop 4 time = 2.25999975204
Loop 5
Loop 5 __set_curr_gen (1): 0.032000541687
Loop 5 sb1 0 pre-jloop1: 0.0440039634705
Loop 5 sb1 0 j 0 __house_vec: 0.0320014953613
Loop 5 sb1 0 j 0 hv-to-su: 0.0282850265503
Loop 5 sb1 0 j 0 __seq_update: 0.039999961853
Loop 5 sb1 0 j 1 __house_vec: 0.0239999294281
Loop 5 sb1 0 j 1 hv-to-su: 0.0359997749329
Loop 5 sb1 0 j 1 __seq_update: 0.0239999294281
Loop 5 sb1 0 j 2 __house_vec: 0.0240008831024
Loop 5 sb1 0 j 2 hv-to-su: 0.0279989242554
Loop 5 sb1 0 j 2 __seq_update: 0.0399994850159
Loop 5 sb1 0 j 3 __house_vec: 0.0319998264313
Loop 5 sb1 0 j 3 hv-to-su: 0.0239989757538
Loop 5 sb1 0 j 3 __seq_update: 0.0279998779297
Loop 5 sb1 0 j 4 __house_vec: 0.0240108966827
Loop 5 sb1 0 j 4 hv-to-su: 0.0239994525909
Loop 5 sb1 0 j 4 __seq_update: 0.0239994525909
Loop 5 sb1 0 j 5 __house_vec: 0.0239999294281
Loop 5 sb1 0 j 5 hv-to-su: 0.0519986152649
Loop 5 sb1 0 j 5 __seq_update: 0.0239999294281
Loop 5 sb1 0 j 6 __house_vec: 0.0240111351013
Loop 5 sb1 0 j 6 hv-to-su: 0.0240025520325
Loop 5 sb1 0 j 6 __seq_update: 0.0240097045898
Loop 5 sb1 0 j 7 __house_vec: 0.024001121521
Loop 5 sb1 0 j 7 hv-to-su: 0.0239992141724
Loop 5 sb1 0 j 7 __seq_update: 0.0519995689392
Loop 5 sb1 0 jloop1: 1.33200144768
Loop 5 sb1 0 jloop1-to-agg1: 0.0239996910095
Loop 5 sb1 0 __aggregate (1): 0.0400002002716
Loop 5 sb1 0 __set_curr_gen (2): 0.0319967269897
Loop 5 sb1 0 __new_block_update: 0.0239999294281
Loop 5 sb1 0 post-nbu: 0.0239994525909
Loop 5 pre-Bcast (1): 0.0239996910095
Loop 5 Bcast (1): 0.0262060165405
Loop 5 post-Bcast (1): 0.0479981899261
Loop 5 sb1 0 pre-agg (2): 0.0239999294281
Loop 5 sb1 0 __aggregate (2): 0.0199654102325
Loop 5 sb1 0 __set_curr_gen (3): 0.0239999294281
Loop 5 sb1 0 __block_update: 0.0480012893677
Loop 5 __block_reduc: 2.13599920273
Loop 5 save end: 0.0238184928894
Loop 5 save checkpoint: 0.095999956131
Loop 5 time = 2.44341015816
Loop 6
Loop 6 __set_curr_gen (1): 0.0399980545044
Loop 6 sb1 0 pre-jloop1: 0.0200018882751
Loop 6 sb1 0 j 0 __house_vec: 0.0376877784729
Loop 6 sb1 0 j 0 hv-to-su: 0.0239989757538
Loop 6 sb1 0 j 0 __seq_update: 0.047999382019
Loop 6 sb1 0 j 1 __house_vec: 0.0560073852539
Loop 6 sb1 0 j 1 hv-to-su: 0.0240039825439
Loop 6 sb1 0 j 1 __seq_update: 0.0440001487732
Loop 6 sb1 0 j 2 __house_vec: 0.0560054779053
Loop 6 sb1 0 j 2 hv-to-su: 0.0239992141724
Loop 6 sb1 0 j 2 __seq_update: 0.0440011024475
Loop 6 sb1 0 j 3 __house_vec: 0.0520050525665
Loop 6 sb1 0 j 3 hv-to-su: 0.0200023651123
Loop 6 sb1 0 j 3 __seq_update: 0.0439991950989
Loop 6 sb1 0 j 4 __house_vec: 0.0560066699982
Loop 6 sb1 0 j 4 hv-to-su: 0.0199992656708
Loop 6 sb1 0 j 4 __seq_update: 0.0479998588562
Loop 6 sb1 0 j 5 __house_vec: 0.0490338802338
Loop 6 sb1 0 j 5 hv-to-su: 0.0239987373352
Loop 6 sb1 0 j 5 __seq_update: 0.034276008606
Loop 6 sb1 0 j 6 __house_vec: 0.0400094985962
Loop 6 sb1 0 j 6 hv-to-su: 0.047997713089
Loop 6 sb1 0 j 6 __seq_update: 0.0440003871918
Loop 6 sb1 0 j 7 __house_vec: 0.0440065860748
Loop 6 sb1 0 j 7 hv-to-su: 0.0319974422455
Loop 6 sb1 0 j 7 __seq_update: 0.0440003871918
Loop 6 sb1 0 jloop1: 1.61199879646
Loop 6 sb1 0 jloop1-to-agg1: 0.0199942588806
Loop 6 sb1 0 __aggregate (1): 0.0240006446838
Loop 6 sb1 0 __set_curr_gen (2): 0.0239994525909
Loop 6 sb1 0 __new_block_update: 0.0479998588562
Loop 6 sb1 0 post-nbu: 0.0239994525909
Loop 6 pre-Bcast (1): 0.0239968299866
Loop 6 Bcast (1): 0.0440027713776
Loop 6 post-Bcast (1): 0.0239999294281
Loop 6 sb1 0 pre-agg (2): 0.0239989757538
Loop 6 sb1 0 __aggregate (2): 0.0287554264069
Loop 6 sb1 0 __set_curr_gen (3): 0.0239994525909
Loop 6 sb1 0 __block_update: 0.0320000648499
Loop 6 __block_reduc: 2.34400057793
Loop 6 save end: 0.032000541687
Loop 6 save checkpoint: 0.0959994792938
Loop 6 time = 2.63599967957
Loop 7
Loop 7 __set_curr_gen (1): 0.0240037441254
Loop 7 sb1 0 pre-jloop1: 0.0240581035614
Loop 7 sb1 0 j 0 __house_vec: 0.0267803668976
Loop 7 sb1 0 j 0 hv-to-su: 0.0399966239929
Loop 7 sb1 0 j 0 __seq_update: 0.0240340232849
Loop 7 sb1 0 j 1 __house_vec: 0.0240037441254
Loop 7 sb1 0 j 1 hv-to-su: 0.0179913043976
Loop 7 sb1 0 j 1 __seq_update: 0.0263292789459
Loop 7 sb1 0 j 2 __house_vec: 0.0280251502991
Loop 7 sb1 0 j 2 hv-to-su: 0.0239989757538
Loop 7 sb1 0 j 2 __seq_update: 0.0229499340057
Loop 7 sb1 0 j 3 __house_vec: 0.0320129394531
Loop 7 sb1 0 j 3 hv-to-su: 0.0439982414246
Loop 7 sb1 0 j 3 __seq_update: 0.0263960361481
Loop 7 sb1 0 j 4 __house_vec: 0.0267534255981
Loop 7 sb1 0 j 4 hv-to-su: 0.0238299369812
Loop 7 sb1 0 j 4 __seq_update: 0.0273320674896
Loop 7 sb1 0 j 5 __house_vec: 0.0240445137024
Loop 7 sb1 0 j 5 hv-to-su: 0.0239989757538
Loop 7 sb1 0 j 5 __seq_update: 0.0200462341309
Loop 7 sb1 0 j 6 __house_vec: 0.0305786132812
Loop 7 sb1 0 j 6 hv-to-su: 0.0239987373352
Loop 7 sb1 0 j 6 __seq_update: 0.0240337848663
Loop 7 sb1 0 j 7 __house_vec: 0.024049282074
Loop 7 sb1 0 j 7 hv-to-su: 0.0479974746704
Loop 7 sb1 0 j 7 __seq_update: 0.0262775421143
Loop 7 sb1 0 jloop1: 1.3799996376
Loop 7 sb1 0 jloop1-to-agg1: 0.0239996910095
Loop 7 sb1 0 __aggregate (1): 0.0359995365143
Loop 7 sb1 0 __set_curr_gen (2): 0.0239984989166
Loop 7 sb1 0 __new_block_update: 0.0240581035614
Loop 7 sb1 0 post-nbu: 0.0280013084412
Loop 7 pre-Bcast (1): 0.0239994525909
Loop 7 Bcast (1): 0.0479996204376
Loop 7 post-Bcast (1): 0.0159997940063
Loop 7 sb1 0 pre-agg (2): 0.0240118503571
Loop 7 sb1 0 __aggregate (2): 0.0240657329559
Loop 7 sb1 0 __set_curr_gen (3): 0.024002790451
Loop 7 sb1 0 __block_update: 0.0239992141724
Loop 7 __block_reduc: 2.11200022697
Loop 7 save end: 0.01637840271
Loop 7 save checkpoint: 0.06800365448
Loop 7 time = 2.34400081635
